{
  "stats": {
    "suites": 1,
    "tests": 1,
    "passes": 0,
    "pending": 0,
    "failures": 1,
    "start": "2022-08-18T04:38:56.855Z",
    "end": "2022-08-18T04:39:16.889Z",
    "duration": 20034,
    "testsRegistered": 1,
    "passPercent": 0,
    "pendingPercent": 0,
    "other": 0,
    "hasOther": false,
    "skipped": 0,
    "hasSkipped": false
  },
  "results": [
    {
      "uuid": "ced6ad36-909c-4021-be73-4b2eaa132395",
      "title": "",
      "fullFile": "cypress\\e2e\\Courses\\Test12.cy.js",
      "file": "cypress\\e2e\\Courses\\Test12.cy.js",
      "beforeHooks": [],
      "afterHooks": [],
      "tests": [],
      "suites": [
        {
          "uuid": "b640f1cb-6ca1-4ea1-90cf-1a7fe9271e00",
          "title": "Frames",
          "fullFile": "",
          "file": "",
          "beforeHooks": [],
          "afterHooks": [],
          "tests": [
            {
              "title": "Test12",
              "fullTitle": "Frames Test12",
              "timedOut": null,
              "duration": 17050,
              "state": "failed",
              "speed": null,
              "pass": false,
              "fail": true,
              "pending": false,
              "context": null,
              "code": "cy.visit(\"https://rahulshettyacademy.com/AutomationPractice/\"); // cy.frameLoaded('#courses-iframe')\ncy.frameLoaded('#courses-iframe');\ncy.iframe().find(\"a[href='mentorship']\").eq(0).click();\ncy.iframe().find(\"h1[class='pricing-title text-white ls-1']\").should('have.length', 2);",
              "err": {
                "message": "AssertionError: Timed out retrying after 8000ms: Expected to find element: `h1[class='pricing-title text-white ls-1']`, but never found it. Queried from element: <body>",
                "estack": "AssertionError: Timed out retrying after 8000ms: Expected to find element: `h1[class='pricing-title text-white ls-1']`, but never found it. Queried from element: <body>\n    at Context.eval (https://rahulshettyacademy.com/__cypress/tests?p=cypress\\e2e\\Courses\\Test12.cy.js:107:67)",
                "diff": null
              },
              "uuid": "b41bf574-37fc-4eb7-8cb8-5b10d755050f",
              "parentUUID": "b640f1cb-6ca1-4ea1-90cf-1a7fe9271e00",
              "isHook": false,
              "skipped": false
            }
          ],
          "suites": [],
          "passes": [],
          "failures": [
            "b41bf574-37fc-4eb7-8cb8-5b10d755050f"
          ],
          "pending": [],
          "skipped": [],
          "duration": 17050,
          "root": false,
          "rootEmpty": false,
          "_timeout": 2000
        }
      ],
      "passes": [],
      "failures": [],
      "pending": [],
      "skipped": [],
      "duration": 0,
      "root": true,
      "rootEmpty": true,
      "_timeout": 2000
    }
  ],
  "meta": {
    "mocha": {
      "version": "7.0.1"
    },
    "mochawesome": {
      "options": {
        "quiet": false,
        "reportFilename": "mochawesome",
        "saveHtml": true,
        "saveJson": true,
        "consoleReporter": "spec",
        "useInlineDiffs": false,
        "code": true
      },
      "version": "7.1.3"
    },
    "marge": {
      "options": {
        "reportDir": "cypress/report/mochawesome-report",
        "overwrite": true,
        "html": true,
        "json": true,
        "charts": true,
        "timestamp": "mmddyyyy_HHMMss"
      },
      "version": "6.2.0"
    }
  }
}