{
  "stats": {
    "suites": 1,
    "tests": 1,
    "passes": 1,
    "pending": 0,
    "failures": 0,
    "start": "2022-08-18T04:38:36.470Z",
    "end": "2022-08-18T04:38:46.449Z",
    "duration": 9979,
    "testsRegistered": 1,
    "passPercent": 100,
    "pendingPercent": 0,
    "other": 0,
    "hasOther": false,
    "skipped": 0,
    "hasSkipped": false
  },
  "results": [
    {
      "uuid": "d7b22a09-d252-4ba1-8114-4acbd4ef6ddc",
      "title": "",
      "fullFile": "cypress\\e2e\\Courses\\Test11.cy.js",
      "file": "cypress\\e2e\\Courses\\Test11.cy.js",
      "beforeHooks": [],
      "afterHooks": [],
      "tests": [],
      "suites": [
        {
          "uuid": "cdb0d53c-eb95-4777-a639-1851609ebb23",
          "title": "Child Window",
          "fullFile": "",
          "file": "",
          "beforeHooks": [],
          "afterHooks": [],
          "tests": [
            {
              "title": "Test11",
              "fullTitle": "Child Window Test11",
              "timedOut": null,
              "duration": 8150,
              "state": "passed",
              "speed": "medium",
              "pass": true,
              "fail": false,
              "pending": false,
              "context": null,
              "code": "cy.visit(\"https://rahulshettyacademy.com/AutomationPractice/\");\ncy.get(\"#opentab\").then(function (el) {\n  const url = el.prop('href');\n  cy.log(url);\n  cy.visit(url);\n});",
              "err": {},
              "uuid": "c6b71f31-211f-4054-881c-64c6dc09c780",
              "parentUUID": "cdb0d53c-eb95-4777-a639-1851609ebb23",
              "isHook": false,
              "skipped": false
            }
          ],
          "suites": [],
          "passes": [
            "c6b71f31-211f-4054-881c-64c6dc09c780"
          ],
          "failures": [],
          "pending": [],
          "skipped": [],
          "duration": 8150,
          "root": false,
          "rootEmpty": false,
          "_timeout": 2000
        }
      ],
      "passes": [],
      "failures": [],
      "pending": [],
      "skipped": [],
      "duration": 0,
      "root": true,
      "rootEmpty": true,
      "_timeout": 2000
    }
  ],
  "meta": {
    "mocha": {
      "version": "7.0.1"
    },
    "mochawesome": {
      "options": {
        "quiet": false,
        "reportFilename": "mochawesome",
        "saveHtml": true,
        "saveJson": true,
        "consoleReporter": "spec",
        "useInlineDiffs": false,
        "code": true
      },
      "version": "7.1.3"
    },
    "marge": {
      "options": {
        "reportDir": "cypress/report/mochawesome-report",
        "overwrite": true,
        "html": true,
        "json": true,
        "charts": true,
        "timestamp": "mmddyyyy_HHMMss"
      },
      "version": "6.2.0"
    }
  }
}