{
  "stats": {
    "suites": 1,
    "tests": 1,
    "passes": 1,
    "pending": 0,
    "failures": 0,
    "start": "2022-08-18T04:41:48.848Z",
    "end": "2022-08-18T04:41:55.961Z",
    "duration": 7113,
    "testsRegistered": 1,
    "passPercent": 100,
    "pendingPercent": 0,
    "other": 0,
    "hasOther": false,
    "skipped": 0,
    "hasSkipped": false
  },
  "results": [
    {
      "uuid": "19402c9e-f32f-46fa-8c37-a49bfc9a90fd",
      "title": "",
      "fullFile": "cypress\\e2e\\Courses\\Test7.cy.js",
      "file": "cypress\\e2e\\Courses\\Test7.cy.js",
      "beforeHooks": [],
      "afterHooks": [],
      "tests": [],
      "suites": [
        {
          "uuid": "198db6f4-cbe8-4084-abc3-8a1073af1d16",
          "title": "Alert",
          "fullFile": "",
          "file": "",
          "beforeHooks": [],
          "afterHooks": [],
          "tests": [
            {
              "title": "Test7",
              "fullTitle": "Alert Test7",
              "timedOut": null,
              "duration": 5300,
              "state": "passed",
              "speed": "medium",
              "pass": true,
              "fail": false,
              "pending": false,
              "context": null,
              "code": "cy.visit(\"https://rahulshettyacademy.com/AutomationPractice/\");\ncy.get('#alertbtn').click();\ncy.get(\"[value='Confirm']\").click();\ncy.on('window:alert', string => {\n  expect(string).to.equal('Hello , share this practice page and share your knowledge');\n});\ncy.on('window:confirm', string => {\n  expect(string).to.equal('Hello , Are you sure you want to confirm?');\n});",
              "err": {},
              "uuid": "14bc16d1-343a-466c-8e7d-018e2592b54d",
              "parentUUID": "198db6f4-cbe8-4084-abc3-8a1073af1d16",
              "isHook": false,
              "skipped": false
            }
          ],
          "suites": [],
          "passes": [
            "14bc16d1-343a-466c-8e7d-018e2592b54d"
          ],
          "failures": [],
          "pending": [],
          "skipped": [],
          "duration": 5300,
          "root": false,
          "rootEmpty": false,
          "_timeout": 2000
        }
      ],
      "passes": [],
      "failures": [],
      "pending": [],
      "skipped": [],
      "duration": 0,
      "root": true,
      "rootEmpty": true,
      "_timeout": 2000
    }
  ],
  "meta": {
    "mocha": {
      "version": "7.0.1"
    },
    "mochawesome": {
      "options": {
        "quiet": false,
        "reportFilename": "mochawesome",
        "saveHtml": true,
        "saveJson": true,
        "consoleReporter": "spec",
        "useInlineDiffs": false,
        "code": true
      },
      "version": "7.1.3"
    },
    "marge": {
      "options": {
        "reportDir": "cypress/report/mochawesome-report",
        "overwrite": true,
        "html": true,
        "json": true,
        "charts": true,
        "timestamp": "mmddyyyy_HHMMss"
      },
      "version": "6.2.0"
    }
  }
}