{
  "stats": {
    "suites": 1,
    "tests": 1,
    "passes": 1,
    "pending": 0,
    "failures": 0,
    "start": "2022-08-18T04:41:06.164Z",
    "end": "2022-08-18T04:41:16.302Z",
    "duration": 10138,
    "testsRegistered": 1,
    "passPercent": 100,
    "pendingPercent": 0,
    "other": 0,
    "hasOther": false,
    "skipped": 0,
    "hasSkipped": false
  },
  "results": [
    {
      "uuid": "a945ddc7-d54f-4b2b-a136-8d8b1df588cc",
      "title": "",
      "fullFile": "cypress\\e2e\\Courses\\Test5.cy.js",
      "file": "cypress\\e2e\\Courses\\Test5.cy.js",
      "beforeHooks": [],
      "afterHooks": [],
      "tests": [],
      "suites": [
        {
          "uuid": "ee712ec2-481e-4115-9936-ceb1e3c99403",
          "title": "VissibleAndInvisible",
          "fullFile": "",
          "file": "",
          "beforeHooks": [],
          "afterHooks": [],
          "tests": [
            {
              "title": "Test5",
              "fullTitle": "VissibleAndInvisible Test5",
              "timedOut": null,
              "duration": 7292,
              "state": "passed",
              "speed": "medium",
              "pass": true,
              "fail": false,
              "pending": false,
              "context": null,
              "code": "cy.visit(\"https://rahulshettyacademy.com/AutomationPractice/\");\ncy.get('#displayed-text').should('be.visible');\ncy.get('#hide-textbox').click();\ncy.get('#displayed-text').should('not.be.visible');\ncy.get('#show-textbox').click();\ncy.get('#displayed-text').should('be.visible');",
              "err": {},
              "uuid": "3892112a-091c-482c-9428-568a97c64e71",
              "parentUUID": "ee712ec2-481e-4115-9936-ceb1e3c99403",
              "isHook": false,
              "skipped": false
            }
          ],
          "suites": [],
          "passes": [
            "3892112a-091c-482c-9428-568a97c64e71"
          ],
          "failures": [],
          "pending": [],
          "skipped": [],
          "duration": 7292,
          "root": false,
          "rootEmpty": false,
          "_timeout": 2000
        }
      ],
      "passes": [],
      "failures": [],
      "pending": [],
      "skipped": [],
      "duration": 0,
      "root": true,
      "rootEmpty": true,
      "_timeout": 2000
    }
  ],
  "meta": {
    "mocha": {
      "version": "7.0.1"
    },
    "mochawesome": {
      "options": {
        "quiet": false,
        "reportFilename": "mochawesome",
        "saveHtml": true,
        "saveJson": true,
        "consoleReporter": "spec",
        "useInlineDiffs": false,
        "code": true
      },
      "version": "7.1.3"
    },
    "marge": {
      "options": {
        "reportDir": "cypress/report/mochawesome-report",
        "overwrite": true,
        "html": true,
        "json": true,
        "charts": true,
        "timestamp": "mmddyyyy_HHMMss"
      },
      "version": "6.2.0"
    }
  }
}