{
  "stats": {
    "suites": 1,
    "tests": 1,
    "passes": 1,
    "pending": 0,
    "failures": 0,
    "start": "2022-08-18T04:39:28.258Z",
    "end": "2022-08-18T04:39:32.708Z",
    "duration": 4450,
    "testsRegistered": 1,
    "passPercent": 100,
    "pendingPercent": 0,
    "other": 0,
    "hasOther": false,
    "skipped": 0,
    "hasSkipped": false
  },
  "results": [
    {
      "uuid": "00a23552-569b-465f-9294-90b0a8034e46",
      "title": "",
      "fullFile": "cypress\\e2e\\Courses\\Test13.cy.js",
      "file": "cypress\\e2e\\Courses\\Test13.cy.js",
      "beforeHooks": [],
      "afterHooks": [],
      "tests": [],
      "suites": [
        {
          "uuid": "0188f34a-60f6-4ba7-bee6-a34fab95d07a",
          "title": "Hooks",
          "fullFile": "",
          "file": "",
          "beforeHooks": [],
          "afterHooks": [],
          "tests": [
            {
              "title": "Test13a",
              "fullTitle": "Hooks Test13a",
              "timedOut": null,
              "duration": 1577,
              "state": "passed",
              "speed": "fast",
              "pass": true,
              "fail": false,
              "pending": false,
              "context": null,
              "code": "cy.visit(\"https://rahulshettyacademy.com/angularpractice\");\ncy.get(':nth-child(1) > .form-control').type(Name);\ncy.get('select').select(Gender);\ncy.get(':nth-child(4) > .ng-untouched').should('have.value', Name);\ncy.get(':nth-child(1) > .form-control').should('have.attr', 'minlength', 2);\ncy.get('#inlineRadio3').should('be.disabled');",
              "err": {},
              "uuid": "6aa21f8d-809b-4b1e-b905-6a15341c1f4b",
              "parentUUID": "0188f34a-60f6-4ba7-bee6-a34fab95d07a",
              "isHook": false,
              "skipped": false
            }
          ],
          "suites": [],
          "passes": [
            "6aa21f8d-809b-4b1e-b905-6a15341c1f4b"
          ],
          "failures": [],
          "pending": [],
          "skipped": [],
          "duration": 1577,
          "root": false,
          "rootEmpty": false,
          "_timeout": 2000
        }
      ],
      "passes": [],
      "failures": [],
      "pending": [],
      "skipped": [],
      "duration": 0,
      "root": true,
      "rootEmpty": true,
      "_timeout": 2000
    }
  ],
  "meta": {
    "mocha": {
      "version": "7.0.1"
    },
    "mochawesome": {
      "options": {
        "quiet": false,
        "reportFilename": "mochawesome",
        "saveHtml": true,
        "saveJson": true,
        "consoleReporter": "spec",
        "useInlineDiffs": false,
        "code": true
      },
      "version": "7.1.3"
    },
    "marge": {
      "options": {
        "reportDir": "cypress/report/mochawesome-report",
        "overwrite": true,
        "html": true,
        "json": true,
        "charts": true,
        "timestamp": "mmddyyyy_HHMMss"
      },
      "version": "6.2.0"
    }
  }
}