{
  "stats": {
    "suites": 1,
    "tests": 1,
    "passes": 1,
    "pending": 0,
    "failures": 0,
    "start": "2022-08-16T12:21:59.151Z",
    "end": "2022-08-16T12:22:02.666Z",
    "duration": 3515,
    "testsRegistered": 1,
    "passPercent": 100,
    "pendingPercent": 0,
    "other": 0,
    "hasOther": false,
    "skipped": 0,
    "hasSkipped": false
  },
  "results": [
    {
      "uuid": "babaa4e9-2501-4ff1-ba54-7b330d06fc9c",
      "title": "",
      "fullFile": "cypress\\e2e\\Courses\\Test1.cy.js",
      "file": "cypress\\e2e\\Courses\\Test1.cy.js",
      "beforeHooks": [],
      "afterHooks": [],
      "tests": [],
      "suites": [
        {
          "uuid": "44a85b0e-56bf-418f-a585-899ab4a6b91d",
          "title": "Testing Courses",
          "fullFile": "",
          "file": "",
          "beforeHooks": [],
          "afterHooks": [],
          "tests": [
            {
              "title": "Test1",
              "fullTitle": "Testing Courses Test1",
              "timedOut": null,
              "duration": 1976,
              "state": "passed",
              "speed": "fast",
              "pass": true,
              "fail": false,
              "pending": false,
              "context": null,
              "code": "cy.visit(\"https://rahulshettyacademy.com/seleniumPractise/#/\");",
              "err": {},
              "uuid": "79596eda-1b16-45ea-8faa-c2e2fb84e0e6",
              "parentUUID": "44a85b0e-56bf-418f-a585-899ab4a6b91d",
              "isHook": false,
              "skipped": false
            }
          ],
          "suites": [],
          "passes": [
            "79596eda-1b16-45ea-8faa-c2e2fb84e0e6"
          ],
          "failures": [],
          "pending": [],
          "skipped": [],
          "duration": 1976,
          "root": false,
          "rootEmpty": false,
          "_timeout": 2000
        }
      ],
      "passes": [],
      "failures": [],
      "pending": [],
      "skipped": [],
      "duration": 0,
      "root": true,
      "rootEmpty": true,
      "_timeout": 2000
    }
  ],
  "meta": {
    "mocha": {
      "version": "7.0.1"
    },
    "mochawesome": {
      "options": {
        "quiet": false,
        "reportFilename": "mochawesome",
        "saveHtml": true,
        "saveJson": true,
        "consoleReporter": "spec",
        "useInlineDiffs": false,
        "code": true
      },
      "version": "7.1.3"
    },
    "marge": {
      "options": {
        "reportDir": "cypress/report/mochawesome-report",
        "overwrite": true,
        "html": true,
        "json": true,
        "charts": true,
        "timestamp": "mmddyyyy_HHMMss"
      },
      "version": "6.2.0"
    }
  }
}