{
  "stats": {
    "suites": 1,
    "tests": 1,
    "passes": 1,
    "pending": 0,
    "failures": 0,
    "start": "2022-08-18T04:38:18.074Z",
    "end": "2022-08-18T04:38:26.813Z",
    "duration": 8739,
    "testsRegistered": 1,
    "passPercent": 100,
    "pendingPercent": 0,
    "other": 0,
    "hasOther": false,
    "skipped": 0,
    "hasSkipped": false
  },
  "results": [
    {
      "uuid": "62026afc-22ad-4291-97d2-710c5d01272c",
      "title": "",
      "fullFile": "cypress\\e2e\\Courses\\Test10.cy.js",
      "file": "cypress\\e2e\\Courses\\Test10.cy.js",
      "beforeHooks": [],
      "afterHooks": [],
      "tests": [],
      "suites": [
        {
          "uuid": "3dedaffb-1857-4a6b-bc8c-ac38db4e36e5",
          "title": "MouseHover",
          "fullFile": "",
          "file": "",
          "beforeHooks": [],
          "afterHooks": [],
          "tests": [
            {
              "title": "Test10",
              "fullTitle": "MouseHover Test10",
              "timedOut": null,
              "duration": 5562,
              "state": "passed",
              "speed": "medium",
              "pass": true,
              "fail": false,
              "pending": false,
              "context": null,
              "code": "cy.visit(\"https://rahulshettyacademy.com/AutomationPractice/\"); // cy.get(\"div.mouse-hover-content\").invoke('show')\ncy.contains('Top').click({\n  force: true\n});\ncy.url().should('include', 'top');",
              "err": {},
              "uuid": "6af62b42-a3e7-4568-ac25-23bfe83f95d6",
              "parentUUID": "3dedaffb-1857-4a6b-bc8c-ac38db4e36e5",
              "isHook": false,
              "skipped": false
            }
          ],
          "suites": [],
          "passes": [
            "6af62b42-a3e7-4568-ac25-23bfe83f95d6"
          ],
          "failures": [],
          "pending": [],
          "skipped": [],
          "duration": 5562,
          "root": false,
          "rootEmpty": false,
          "_timeout": 2000
        }
      ],
      "passes": [],
      "failures": [],
      "pending": [],
      "skipped": [],
      "duration": 0,
      "root": true,
      "rootEmpty": true,
      "_timeout": 2000
    }
  ],
  "meta": {
    "mocha": {
      "version": "7.0.1"
    },
    "mochawesome": {
      "options": {
        "quiet": false,
        "reportFilename": "mochawesome",
        "saveHtml": true,
        "saveJson": true,
        "consoleReporter": "spec",
        "useInlineDiffs": false,
        "code": true
      },
      "version": "7.1.3"
    },
    "marge": {
      "options": {
        "reportDir": "cypress/report/mochawesome-report",
        "overwrite": true,
        "html": true,
        "json": true,
        "charts": true,
        "timestamp": "mmddyyyy_HHMMss"
      },
      "version": "6.2.0"
    }
  }
}