{
  "stats": {
    "suites": 1,
    "tests": 1,
    "passes": 1,
    "pending": 0,
    "failures": 0,
    "start": "2022-08-18T04:40:28.691Z",
    "end": "2022-08-18T04:40:36.184Z",
    "duration": 7493,
    "testsRegistered": 1,
    "passPercent": 100,
    "pendingPercent": 0,
    "other": 0,
    "hasOther": false,
    "skipped": 0,
    "hasSkipped": false
  },
  "results": [
    {
      "uuid": "29caa19e-07e4-4a60-9bad-aedbab6c10a4",
      "title": "",
      "fullFile": "cypress\\e2e\\Courses\\Test3.cy.js",
      "file": "cypress\\e2e\\Courses\\Test3.cy.js",
      "beforeHooks": [],
      "afterHooks": [],
      "tests": [],
      "suites": [
        {
          "uuid": "bc151fb7-4bfa-46a5-a66d-7bb02c7fb201",
          "title": "CheckBoxes",
          "fullFile": "",
          "file": "",
          "beforeHooks": [],
          "afterHooks": [],
          "tests": [
            {
              "title": "Test3",
              "fullTitle": "CheckBoxes Test3",
              "timedOut": null,
              "duration": 5334,
              "state": "passed",
              "speed": "medium",
              "pass": true,
              "fail": false,
              "pending": false,
              "context": null,
              "code": "cy.visit(\"https://rahulshettyacademy.com/AutomationPractice/\");\ncy.get(\"#checkBoxOption1\").check().should('be.checked').and('have.value', 'option1');\ncy.get(\"#checkBoxOption1\").uncheck().should('not.be.checked').and('have.value', 'option1');\ncy.get(\"input[type='checkbox']\").check(['option2', 'option3']);",
              "err": {},
              "uuid": "843f833c-3ab9-4900-a0db-cc609285ede1",
              "parentUUID": "bc151fb7-4bfa-46a5-a66d-7bb02c7fb201",
              "isHook": false,
              "skipped": false
            }
          ],
          "suites": [],
          "passes": [
            "843f833c-3ab9-4900-a0db-cc609285ede1"
          ],
          "failures": [],
          "pending": [],
          "skipped": [],
          "duration": 5334,
          "root": false,
          "rootEmpty": false,
          "_timeout": 2000
        }
      ],
      "passes": [],
      "failures": [],
      "pending": [],
      "skipped": [],
      "duration": 0,
      "root": true,
      "rootEmpty": true,
      "_timeout": 2000
    }
  ],
  "meta": {
    "mocha": {
      "version": "7.0.1"
    },
    "mochawesome": {
      "options": {
        "quiet": false,
        "reportFilename": "mochawesome",
        "saveHtml": true,
        "saveJson": true,
        "consoleReporter": "spec",
        "useInlineDiffs": false,
        "code": true
      },
      "version": "7.1.3"
    },
    "marge": {
      "options": {
        "reportDir": "cypress/report/mochawesome-report",
        "overwrite": true,
        "html": true,
        "json": true,
        "charts": true,
        "timestamp": "mmddyyyy_HHMMss"
      },
      "version": "6.2.0"
    }
  }
}