{
  "stats": {
    "suites": 1,
    "tests": 1,
    "passes": 1,
    "pending": 0,
    "failures": 0,
    "start": "2022-08-18T04:40:45.443Z",
    "end": "2022-08-18T04:40:55.339Z",
    "duration": 9896,
    "testsRegistered": 1,
    "passPercent": 100,
    "pendingPercent": 0,
    "other": 0,
    "hasOther": false,
    "skipped": 0,
    "hasSkipped": false
  },
  "results": [
    {
      "uuid": "b610f41e-559f-4059-b4a5-d03715cdf251",
      "title": "",
      "fullFile": "cypress\\e2e\\Courses\\Test4.cy.js",
      "file": "cypress\\e2e\\Courses\\Test4.cy.js",
      "beforeHooks": [],
      "afterHooks": [],
      "tests": [],
      "suites": [
        {
          "uuid": "683d23c1-3362-4017-a579-310ba8ae2369",
          "title": "Dropdowns",
          "fullFile": "",
          "file": "",
          "beforeHooks": [],
          "afterHooks": [],
          "tests": [
            {
              "title": "Test4",
              "fullTitle": "Dropdowns Test4",
              "timedOut": null,
              "duration": 8004,
              "state": "passed",
              "speed": "medium",
              "pass": true,
              "fail": false,
              "pending": false,
              "context": null,
              "code": "cy.visit(\"https://rahulshettyacademy.com/AutomationPractice/\"); //static dropdown\ncy.get('select').select('Option2').should('have.value', 'option2'); //dynamic dropdown\ncy.get('#autocomplete').type('ind');\ncy.get('.ui-menu-item > div').each(($el, index, $list) => {\n  if ($el.text() === \"India\") {\n    $el.click();\n  }\n});\ncy.get('#autocomplete').should('have.value', \"India\");",
              "err": {},
              "uuid": "63069a44-3c5d-460e-9a1e-adc2064cdb53",
              "parentUUID": "683d23c1-3362-4017-a579-310ba8ae2369",
              "isHook": false,
              "skipped": false
            }
          ],
          "suites": [],
          "passes": [
            "63069a44-3c5d-460e-9a1e-adc2064cdb53"
          ],
          "failures": [],
          "pending": [],
          "skipped": [],
          "duration": 8004,
          "root": false,
          "rootEmpty": false,
          "_timeout": 2000
        }
      ],
      "passes": [],
      "failures": [],
      "pending": [],
      "skipped": [],
      "duration": 0,
      "root": true,
      "rootEmpty": true,
      "_timeout": 2000
    }
  ],
  "meta": {
    "mocha": {
      "version": "7.0.1"
    },
    "mochawesome": {
      "options": {
        "quiet": false,
        "reportFilename": "mochawesome",
        "saveHtml": true,
        "saveJson": true,
        "consoleReporter": "spec",
        "useInlineDiffs": false,
        "code": true
      },
      "version": "7.1.3"
    },
    "marge": {
      "options": {
        "reportDir": "cypress/report/mochawesome-report",
        "overwrite": true,
        "html": true,
        "json": true,
        "charts": true,
        "timestamp": "mmddyyyy_HHMMss"
      },
      "version": "6.2.0"
    }
  }
}